
connect ok!

connect ok!

connect ok!

connect ok!

connect ok!

connect ok!

connect ok!

connect ok!

connect ok!

connect ok!

connect ok!

connect ok!

connect ok!

connect ok!

connect ok!

connect ok!

connect ok!

connect ok!

array (
  0 => 
  array (
    'id' => '9',
    'unikey' => 'gengmei9559505',
    'diary_id' => '9559505',
    'channel' => 'gengmei',
    'title' => '开内眼角+美购日记+切开双眼皮',
    'content' => 'day17:
两只眼睛差别有点大，只能慢慢等待后期恢复',
    'diarynum' => '26',
    'hospital' => '广东省第二人民医院',
    'operation_price' => '6700',
    'doctor' => '汪海滨',
    'imagebefore' => '/images/gengmei/9559505/0.jpg',
    'imageafter' => '/images/gengmei/9559505/1.jpg',
    'tags' => '美购日记|切开双眼皮|开内眼角',
    'createtime' => '1445287031',
    'ispost' => '0',
    'last_post_time' => '0',
    'last_post_id' => '0',
    'latest_topic_id' => '12856976',
    'last_modified' => '1446632532',
    'images' => '/images/gengmei/9559505/0.jpg|/images/gengmei/9559505/1.jpg',
    'oldimages' => 'http://7d9qwy.com2.z0.glb.qiniucdn.com/2015/10/19/9693e2cb32-half|http://7d9qwy.com2.z0.glb.qiniucdn.com/2015/10/29/e99470fdb6-half',
    'bz' => NULL,
  ),
)

array (
  0 => 
  array (
    'id' => '9',
    'unikey' => 'gengmei9559505',
    'diary_id' => '9559505',
    'channel' => 'gengmei',
    'title' => '开内眼角+美购日记+切开双眼皮',
    'content' => 'day17:
两只眼睛差别有点大，只能慢慢等待后期恢复',
    'diarynum' => '26',
    'hospital' => '广东省第二人民医院',
    'operation_price' => '6700',
    'doctor' => '汪海滨',
    'imagebefore' => '/images/gengmei/9559505/0.jpg',
    'imageafter' => '/images/gengmei/9559505/1.jpg',
    'tags' => '美购日记|切开双眼皮|开内眼角',
    'createtime' => '1445287031',
    'ispost' => '0',
    'last_post_time' => '0',
    'last_post_id' => '0',
    'latest_topic_id' => '12856976',
    'last_modified' => '1446632532',
    'images' => '/images/gengmei/9559505/0.jpg|/images/gengmei/9559505/1.jpg',
    'oldimages' => 'http://7d9qwy.com2.z0.glb.qiniucdn.com/2015/10/19/9693e2cb32-half|http://7d9qwy.com2.z0.glb.qiniucdn.com/2015/10/29/e99470fdb6-half',
    'bz' => NULL,
  ),
)

array (
  0 => 
  array (
    'id' => '9',
    'unikey' => 'gengmei9559505',
    'diary_id' => '9559505',
    'channel' => 'gengmei',
    'title' => '开内眼角+美购日记+切开双眼皮',
    'content' => 'day17:
两只眼睛差别有点大，只能慢慢等待后期恢复',
    'diarynum' => '26',
    'hospital' => '广东省第二人民医院',
    'operation_price' => '6700',
    'doctor' => '汪海滨',
    'imagebefore' => '/images/gengmei/9559505/0.jpg',
    'imageafter' => '/images/gengmei/9559505/1.jpg',
    'tags' => '美购日记|切开双眼皮|开内眼角',
    'createtime' => '1445287031',
    'ispost' => '0',
    'last_post_time' => '0',
    'last_post_id' => '0',
    'latest_topic_id' => '12856976',
    'last_modified' => '1446632532',
    'images' => '/images/gengmei/9559505/0.jpg|/images/gengmei/9559505/1.jpg',
    'oldimages' => 'http://7d9qwy.com2.z0.glb.qiniucdn.com/2015/10/19/9693e2cb32-half|http://7d9qwy.com2.z0.glb.qiniucdn.com/2015/10/29/e99470fdb6-half',
    'bz' => NULL,
  ),
)

array (
  0 => 
  array (
    'id' => '9',
    'unikey' => 'gengmei9559505',
    'diary_id' => '9559505',
    'channel' => 'gengmei',
    'title' => '开内眼角+美购日记+切开双眼皮',
    'content' => 'day17:
两只眼睛差别有点大，只能慢慢等待后期恢复',
    'diarynum' => '26',
    'hospital' => '广东省第二人民医院',
    'operation_price' => '6700',
    'doctor' => '汪海滨',
    'imagebefore' => '/images/gengmei/9559505/0.jpg',
    'imageafter' => '/images/gengmei/9559505/1.jpg',
    'tags' => '美购日记|切开双眼皮|开内眼角',
    'createtime' => '1445287031',
    'ispost' => '0',
    'last_post_time' => '0',
    'last_post_id' => '0',
    'latest_topic_id' => '12856976',
    'last_modified' => '1446632532',
    'images' => '/images/gengmei/9559505/0.jpg|/images/gengmei/9559505/1.jpg',
    'oldimages' => 'http://7d9qwy.com2.z0.glb.qiniucdn.com/2015/10/19/9693e2cb32-half|http://7d9qwy.com2.z0.glb.qiniucdn.com/2015/10/29/e99470fdb6-half',
    'bz' => NULL,
  ),
)

array (
  0 => 
  array (
    'id' => '9',
    'unikey' => 'gengmei9559505',
    'diary_id' => '9559505',
    'channel' => 'gengmei',
    'title' => '开内眼角+美购日记+切开双眼皮',
    'content' => 'day17:
两只眼睛差别有点大，只能慢慢等待后期恢复',
    'diarynum' => '26',
    'hospital' => '广东省第二人民医院',
    'operation_price' => '6700',
    'doctor' => '汪海滨',
    'imagebefore' => '/images/gengmei/9559505/0.jpg',
    'imageafter' => '/images/gengmei/9559505/1.jpg',
    'tags' => '美购日记|切开双眼皮|开内眼角',
    'createtime' => '1445287031',
    'ispost' => '0',
    'last_post_time' => '0',
    'last_post_id' => '0',
    'latest_topic_id' => '12856976',
    'last_modified' => '1446632532',
    'images' => '/images/gengmei/9559505/0.jpg|/images/gengmei/9559505/1.jpg',
    'oldimages' => 'http://7d9qwy.com2.z0.glb.qiniucdn.com/2015/10/19/9693e2cb32-half|http://7d9qwy.com2.z0.glb.qiniucdn.com/2015/10/29/e99470fdb6-half',
    'bz' => NULL,
  ),
)
